<?xml version="1.0" encoding="UTF-8"?>
<!-- Generated by org.testng.reporters.JUnitXMLReporter -->
<testsuite hostname="DESKTOP-SG8VF9G" ignored="4" name="Test" tests="1" failures="0" timestamp="18 Jul 2018 05:44:58 GMT" time="27.205" errors="0">
  <testcase name="CreateProduct" time="11.475" classname="batchExecution.Batch"/>
  <testcase name="CreateCampaign" time="0.0" classname="driver.CRMTest">
    <ignored/>
  </testcase> <!-- CreateCampaign -->
  <testcase name="EndToEnd" time="0.0" classname="driver.CRMTest">
    <ignored/>
  </testcase> <!-- EndToEnd -->
  <testcase name="DeleteOrganization" time="0.0" classname="driver.CRMTest">
    <ignored/>
  </testcase> <!-- DeleteOrganization -->
  <testcase name="CreateOrganization" time="0.0" classname="driver.CRMTest">
    <ignored/>
  </testcase> <!-- CreateOrganization -->
</testsuite> <!-- Test -->
