<?xml version="1.0" encoding="UTF-8"?>
<!-- Generated by org.testng.reporters.JUnitXMLReporter -->
<testsuite hostname="DESKTOP-SG8VF9G" ignored="0" name="Test1" tests="5" failures="0" timestamp="19 Jul 2018 10:47:38 GMT" time="44.142" errors="0">
  <testcase name="@AfterMethod configAM" time="0.669" classname="com.crm.genericlib1.BaseClass">
    <failure type="java.lang.NullPointerException">
      <![CDATA[java.lang.NullPointerException
at com.crm.genericlib1.BaseClass.configAM(BaseClass.java:63)
... Removed 28 stack frames]]>
    </failure>
  </testcase> <!-- @AfterMethod configAM -->
  <testcase name="@BeforeMethod configBM" time="0.0" classname="com.crm.genericlib1.BaseClass">
    <skipped/>
  </testcase> <!-- @BeforeMethod configBM -->
  <testcase name="@AfterMethod configAM" time="0.0" classname="com.crm.genericlib1.BaseClass">
    <skipped/>
  </testcase> <!-- @AfterMethod configAM -->
  <testcase name="@BeforeMethod configBM" time="0.0" classname="com.crm.genericlib1.BaseClass">
    <skipped/>
  </testcase> <!-- @BeforeMethod configBM -->
  <testcase name="@AfterMethod configAM" time="0.0" classname="com.crm.genericlib1.BaseClass">
    <skipped/>
  </testcase> <!-- @AfterMethod configAM -->
  <testcase name="@AfterClass configAC" time="0.0" classname="com.crm.genericlib1.BaseClass">
    <skipped/>
  </testcase> <!-- @AfterClass configAC -->
  <testcase name="@BeforeClass configBC" time="0.0" classname="com.crm.genericlib1.BaseClass">
    <skipped/>
  </testcase> <!-- @BeforeClass configBC -->
  <testcase name="@BeforeMethod configBM" time="0.0" classname="com.crm.genericlib1.BaseClass">
    <skipped/>
  </testcase> <!-- @BeforeMethod configBM -->
  <testcase name="@AfterMethod configAM" time="0.0" classname="com.crm.genericlib1.BaseClass">
    <skipped/>
  </testcase> <!-- @AfterMethod configAM -->
  <testcase name="@AfterClass configAC" time="0.0" classname="com.crm.genericlib1.BaseClass">
    <skipped/>
  </testcase> <!-- @AfterClass configAC -->
  <testcase name="CreateCampaign" time="14.461" classname="driver.CRMTest"/>
  <testcase name="CreateOrganization" time="6.834" classname="driver.CRMTest"/>
  <testcase name="DeleteOrganization" time="0.0" classname="driver.CRMTest">
    <skipped/>
  </testcase> <!-- DeleteOrganization -->
  <testcase name="EndToEnd" time="0.0" classname="driver.CRMTest">
    <skipped/>
  </testcase> <!-- EndToEnd -->
  <testcase name="createcampaignsTest" time="0.0" classname="assignment7.Campaigns">
    <skipped/>
  </testcase> <!-- createcampaignsTest -->
</testsuite> <!-- Test1 -->
